Arguments: 
  /usr/local/Cellar/node/12.1.0/bin/node /usr/local/Cellar/yarn/1.16.0/libexec/bin/yarn.js install

PATH: 
  /Library/Frameworks/Python.framework/Versions/3.7/bin:/usr/local/bin:/usr/bin:/bin:/usr/sbin:/sbin:/usr/local/MacGPG2/bin:/Users/gw/.npm-packages/bin:/usr/local/bin:/usr/local/sbin:/Users/gw/.composer/vendor/bin:/Users/gw/.npm-packages/bin:/usr/local/bin:/usr/local/sbin:/Users/gw/.composer/vendor/bin:/Users/gw/.npm-packages/bin:/usr/local/bin:/usr/local/sbin:/Users/gw/.composer/vendor/bin:/Users/gw/.npm-packages/bin:/usr/local/bin:/usr/local/sbin:/Users/gw/.composer/vendor/bin

Yarn version: 
  1.16.0

Node version: 
  12.1.0

Platform: 
  darwin x64

Trace: 
  SyntaxError: /Users/gw/lambda/build-week-3/package.json: Unexpected string in JSON at position 315
      at JSON.parse (<anonymous>)
      at /usr/local/Cellar/yarn/1.16.0/libexec/lib/cli.js:1625:59
      at Generator.next (<anonymous>)
      at step (/usr/local/Cellar/yarn/1.16.0/libexec/lib/cli.js:304:30)
      at /usr/local/Cellar/yarn/1.16.0/libexec/lib/cli.js:315:13

npm manifest: 
  {
    "name": "essentialism-bw-backend",
    "version": "0.0.1",
    "description": "Lambda Build Week 3 Backend: Essentialism",
    "main": "index.js",
    "scripts": {
      "test": "echo \"Error: no test specified\" && exit 1"
    },
    "devDependencies": {
      "prettier": "1.17.1",
      "prettier-plugin-java": "0.0.10"
    }
    "repository": {
      "type": "git",
      "url": "git+https://github.com/lambda-essentialism/build-essentialism-BE.git"
    },
    "keywords": [
      "java",
      "backend",
      "spring",
      "api"
    ],
    "author": "Garrett Weems <gwgraphicdesign@gmail.com> (https://glweems.com)",
    "license": "MIT",
    "bugs": {
      "url": "https://github.com/lambda-essentialism/build-essentialism-BE/issues"
    },
    "homepage": "https://github.com/lambda-essentialism/build-essentialism-BE#readme"
  }

yarn manifest: 
  No manifest

Lockfile: 
  No lockfile
